<?xml version="1.0" encoding="UTF-8"?>
<testng-results ignored="0" total="1" passed="1" failed="0" skipped="0">
  <reporter-output>
  </reporter-output>
  <suite started-at="2022-12-21T07:15:13Z" name="inetBankingV1" finished-at="2022-12-21T07:15:42Z" duration-ms="28203">
    <groups>
    </groups>
    <test started-at="2022-12-21T07:15:13Z" name="BankingApp Test" finished-at="2022-12-21T07:15:42Z" duration-ms="28203">
      <class name="com.inetBankingV1.testcases.TC_Logintest_001">
        <test-method is-config="true" signature="setup(java.lang.String)[pri:0, instance:com.inetBankingV1.testcases.TC_Logintest_001@13bc8645]" started-at="2022-12-21T07:15:14Z" name="setup" finished-at="2022-12-21T07:15:32Z" duration-ms="18608" status="PASS">
          <params>
            <param index="0">
              <value>
                <![CDATA[chrome]]>
              </value>
            </param>
          </params>
          <reporter-output>
          </reporter-output>
        </test-method> <!-- setup -->
        <test-method signature="loginTest()[pri:0, instance:com.inetBankingV1.testcases.TC_Logintest_001@13bc8645]" started-at="2022-12-21T07:15:32Z" name="loginTest" finished-at="2022-12-21T07:15:41Z" duration-ms="8435" status="PASS">
          <reporter-output>
          </reporter-output>
        </test-method> <!-- loginTest -->
        <test-method is-config="true" signature="teardown()[pri:0, instance:com.inetBankingV1.testcases.TC_Logintest_001@13bc8645]" started-at="2022-12-21T07:15:41Z" name="teardown" finished-at="2022-12-21T07:15:42Z" duration-ms="681" status="PASS">
          <reporter-output>
          </reporter-output>
        </test-method> <!-- teardown -->
      </class> <!-- com.inetBankingV1.testcases.TC_Logintest_001 -->
    </test> <!-- BankingApp Test -->
  </suite> <!-- inetBankingV1 -->
</testng-results>
